<?xml version="1.0" encoding="UTF-8"?>
<testng-results ignored="0" total="1" passed="1" failed="0" skipped="0">
  <reporter-output>
  </reporter-output>
  <suite started-at="2025-07-31T17:15:06 IST" name="Default suite" finished-at="2025-07-31T17:16:55 IST" duration-ms="109068">
    <groups>
    </groups>
    <test started-at="2025-07-31T17:15:06 IST" name="Default test" finished-at="2025-07-31T17:16:55 IST" duration-ms="109068">
      <class name="FrameWork.TakeScreenshotEx2Test">
        <test-method signature="m1()[pri:0, instance:FrameWork.TakeScreenshotEx2Test@4c178a76]" started-at="2025-07-31T17:15:06 IST" name="m1" finished-at="2025-07-31T17:16:55 IST" duration-ms="108720" status="PASS">
          <reporter-output>
          </reporter-output>
        </test-method> <!-- m1 -->
      </class> <!-- FrameWork.TakeScreenshotEx2Test -->
    </test> <!-- Default test -->
  </suite> <!-- Default suite -->
</testng-results>
